
Showing logs for build [32mcb-kubecd-environment-pr-209-41-bbhnw-1[0m stage [32mfrom-build-pack[0m and container [32mstep-credential-initializer-kdg5n[0m
{"level":"info","ts":1587815624.304843,"logger":"fallback-logger","caller":"logging/config.go:69","msg":"Fetch GitHub commit ID from kodata failed: open /var/run/ko/refs/heads/0.8.0-ns-support: no such file or directory"}
{"level":"info","ts":1587815624.3056257,"logger":"fallback-logger","caller":"creds-init/main.go:40","msg":"Credentials initialized."}

Showing logs for build [32mcb-kubecd-environment-pr-209-41-bbhnw-1[0m stage [32mfrom-build-pack[0m and container [32mstep-working-dir-initializer-ldkff[0m
{"level":"info","ts":1587815625.3999019,"logger":"fallback-logger","caller":"logging/config.go:69","msg":"Fetch GitHub commit ID from kodata failed: open /var/run/ko/HEAD: no such file or directory"}
{"level":"info","ts":1587815625.4259589,"logger":"fallback-logger","caller":"bash/main.go:64","msg":"Successfully executed command \"sh -c mkdir -p /workspace/source\"; output "}

Showing logs for build [32mcb-kubecd-environment-pr-209-41-bbhnw-1[0m stage [32mfrom-build-pack[0m and container [32mstep-place-tools[0m

Showing logs for build [32mcb-kubecd-environment-pr-209-41-bbhnw-1[0m stage [32mfrom-build-pack[0m and container [32mstep-git-source-cb-kubecd-environment-pr-209-41-bbhnw-92j75[0m
{"level":"info","ts":1587815630.59335,"logger":"fallback-logger","caller":"logging/config.go:69","msg":"Fetch GitHub commit ID from kodata failed: open /var/run/ko/refs/heads/0.8.0-ns-support: no such file or directory"}
{"level":"info","ts":1587815631.6846392,"logger":"fallback-logger","caller":"git/git.go:103","msg":"Successfully cloned https://github.com/cb-kubecd/environment-pr-209-41-boot-gke-staging.git @ master in path /workspace/source"}

Showing logs for build [32mcb-kubecd-environment-pr-209-41-bbhnw-1[0m stage [32mfrom-build-pack[0m and container [32mstep-git-merge[0m
Using SHAs from PULL_REFS=master:4da7c718e5aaa54ca0cf62326581b7d1fa2e8974,5:95ee591235a99208a58487e002a08dcfe9bf2b03
DEBUG: LC_ALL=C JX_LOG_LEVEL=error git fetch origin --unshallow 95ee591235a99208a58487e002a08dcfe9bf2b03: 4da7c718e5aaa54ca0cf62326581b7d1fa2e8974:
DEBUG: ran git fetch --unshallow origin 95ee591235a99208a58487e002a08dcfe9bf2b03: 4da7c718e5aaa54ca0cf62326581b7d1fa2e8974: in 
DEBUG: JX_LOG_LEVEL=error LC_ALL=C git branch
DEBUG: LC_ALL=C JX_LOG_LEVEL=error git checkout master
DEBUG: ran git checkout master in 
DEBUG: LC_ALL=C JX_LOG_LEVEL=error git reset --hard 4da7c718e5aaa54ca0cf62326581b7d1fa2e8974
DEBUG: ran git reset --hard 4da7c718e5aaa54ca0cf62326581b7d1fa2e8974 in 
DEBUG: LC_ALL=C JX_LOG_LEVEL=error git clean -fd .
DEBUG: ran clean --force -d . in 
DEBUG: JX_LOG_LEVEL=error LC_ALL=C git merge 95ee591235a99208a58487e002a08dcfe9bf2b03
DEBUG: ran git merge 95ee591235a99208a58487e002a08dcfe9bf2b03 in 
DEBUG: LC_ALL=C JX_LOG_LEVEL=error git log --format=%H%x1f%an%x1f%ae%x1f%cn%x1f%ce%x1f%s%n%b%x1e 4da7c718e5aaa54ca0cf62326581b7d1fa2e8974..HEAD
Merged SHA 95ee591235a99208a58487e002a08dcfe9bf2b03 with commit message 'chore: Promote bdd-ghf**y-import-1587815317 to version 0.0.1' into base branch master

Showing logs for build [32mcb-kubecd-environment-pr-209-41-bbhnw-1[0m stage [32mfrom-build-pack[0m and container [32mstep-build-helm-build[0m
WARNING: No $CHART_REPOSITORY defined so using the default value of: http://jenkins-x-chartmuseum:8080
Adding missing Helm repo: storage.googleapis.com https://storage.googleapis.com/chartmuseum.jenkins-x.io
WARNING: No secrets found on "helm/repos" due: reading the secret "helm/repos" from vault: no secret "helm/repos" not found in vault
Read credentials for https://storage.googleapis.com/chartmuseum.jenkins-x.io from vault helm/repos
Successfully added Helm repository storage.googleapis.com.
Adding missing Helm repo: jenkins-x-chartmuseum http://jenkins-x-chartmuseum:8080
WARNING: No secrets found on "helm/repos" due: reading the secret "helm/repos" from vault: no secret "helm/repos" not found in vault
Read credentials for http://jenkins-x-chartmuseum:8080 from vault helm/repos
Successfully added Helm repository jenkins-x-chartmuseum.
WARNING: No $CHART_REPOSITORY defined so using the default value of: http://jenkins-x-chartmuseum:8080
Adding missing Helm repo: chartmuseum.jenkins-x.io http://chartmuseum.jenkins-x.io
WARNING: No secrets found on "helm/repos" due: reading the secret "helm/repos" from vault: no secret "helm/repos" not found in vault
Read credentials for http://chartmuseum.jenkins-x.io from vault helm/repos
Successfully added Helm repository chartmuseum.jenkins-x.io.
