
Showing logs for build [32mcb-kubecd-environment-pr-209-41-984x8-1[0m stage [32mfrom-build-pack[0m and container [32mstep-credential-initializer-s8sxf[0m
{"level":"info","ts":1587816717.4629903,"logger":"fallback-logger","caller":"logging/config.go:69","msg":"Fetch GitHub commit ID from kodata failed: open /var/run/ko/refs/heads/0.8.0-ns-support: no such file or directory"}
{"level":"info","ts":1587816717.464064,"logger":"fallback-logger","caller":"creds-init/main.go:40","msg":"Credentials initialized."}

Showing logs for build [32mcb-kubecd-environment-pr-209-41-984x8-1[0m stage [32mfrom-build-pack[0m and container [32mstep-working-dir-initializer-7hx9n[0m
{"level":"info","ts":1587816718.8047013,"logger":"fallback-logger","caller":"logging/config.go:69","msg":"Fetch GitHub commit ID from kodata failed: open /var/run/ko/HEAD: no such file or directory"}
{"level":"info","ts":1587816718.8080533,"logger":"fallback-logger","caller":"bash/main.go:64","msg":"Successfully executed command \"sh -c mkdir -p /workspace/source\"; output "}

Showing logs for build [32mcb-kubecd-environment-pr-209-41-984x8-1[0m stage [32mfrom-build-pack[0m and container [32mstep-place-tools[0m

Showing logs for build [32mcb-kubecd-environment-pr-209-41-984x8-1[0m stage [32mfrom-build-pack[0m and container [32mstep-git-source-cb-kubecd-environment-pr-209-41-984x8-n72gs[0m
{"level":"info","ts":1587816722.023032,"logger":"fallback-logger","caller":"logging/config.go:69","msg":"Fetch GitHub commit ID from kodata failed: open /var/run/ko/refs/heads/0.8.0-ns-support: no such file or directory"}
{"level":"info","ts":1587816723.1270964,"logger":"fallback-logger","caller":"git/git.go:103","msg":"Successfully cloned https://github.com/cb-kubecd/environment-pr-209-41-boot-gke-staging.git @ master in path /workspace/source"}

Showing logs for build [32mcb-kubecd-environment-pr-209-41-984x8-1[0m stage [32mfrom-build-pack[0m and container [32mstep-git-merge[0m
Using SHAs from PULL_REFS=master:ddfb8888e6a60b7d2dc3d6c1aee0df677ed54fc6,7:fdd07926c119fef655ae23314fc1d009ae1c9e97
DEBUG: LC_ALL=C JX_LOG_LEVEL=error git fetch origin --unshallow fdd07926c119fef655ae23314fc1d009ae1c9e97: ddfb8888e6a60b7d2dc3d6c1aee0df677ed54fc6:
DEBUG: ran git fetch --unshallow origin fdd07926c119fef655ae23314fc1d009ae1c9e97: ddfb8888e6a60b7d2dc3d6c1aee0df677ed54fc6: in 
DEBUG: LC_ALL=C JX_LOG_LEVEL=error git branch
DEBUG: JX_LOG_LEVEL=error LC_ALL=C git checkout master
DEBUG: ran git checkout master in 
DEBUG: LC_ALL=C JX_LOG_LEVEL=error git reset --hard ddfb8888e6a60b7d2dc3d6c1aee0df677ed54fc6
DEBUG: ran git reset --hard ddfb8888e6a60b7d2dc3d6c1aee0df677ed54fc6 in 
DEBUG: LC_ALL=C JX_LOG_LEVEL=error git clean -fd .
DEBUG: ran clean --force -d . in 
DEBUG: LC_ALL=C JX_LOG_LEVEL=error git merge fdd07926c119fef655ae23314fc1d009ae1c9e97
DEBUG: ran git merge fdd07926c119fef655ae23314fc1d009ae1c9e97 in 
DEBUG: JX_LOG_LEVEL=error LC_ALL=C git log --format=%H%x1f%an%x1f%ae%x1f%cn%x1f%ce%x1f%s%n%b%x1e ddfb8888e6a60b7d2dc3d6c1aee0df677ed54fc6..HEAD
Merged SHA fdd07926c119fef655ae23314fc1d009ae1c9e97 with commit message 'chore: Promote bdd-sbhg-import-1587815317 to version 0.0.1' into base branch master

Showing logs for build [32mcb-kubecd-environment-pr-209-41-984x8-1[0m stage [32mfrom-build-pack[0m and container [32mstep-build-helm-build[0m
WARNING: No $CHART_REPOSITORY defined so using the default value of: http://jenkins-x-chartmuseum:8080
Adding missing Helm repo: storage.googleapis.com https://storage.googleapis.com/chartmuseum.jenkins-x.io
WARNING: No secrets found on "helm/repos" due: reading the secret "helm/repos" from vault: no secret "helm/repos" not found in vault
Read credentials for https://storage.googleapis.com/chartmuseum.jenkins-x.io from vault helm/repos
Successfully added Helm repository storage.googleapis.com.
Adding missing Helm repo: jenkins-x-chartmuseum http://jenkins-x-chartmuseum:8080
WARNING: No secrets found on "helm/repos" due: reading the secret "helm/repos" from vault: no secret "helm/repos" not found in vault
Read credentials for http://jenkins-x-chartmuseum:8080 from vault helm/repos
Successfully added Helm repository jenkins-x-chartmuseum.
WARNING: No $CHART_REPOSITORY defined so using the default value of: http://jenkins-x-chartmuseum:8080
Adding missing Helm repo: chartmuseum.jenkins-x.io http://chartmuseum.jenkins-x.io
WARNING: No secrets found on "helm/repos" due: reading the secret "helm/repos" from vault: no secret "helm/repos" not found in vault
Read credentials for http://chartmuseum.jenkins-x.io from vault helm/repos
Successfully added Helm repository chartmuseum.jenkins-x.io.
