
Showing logs for build [32mcb-kubecd-environment-pr-209-41-x765k-1[0m stage [32mfrom-build-pack[0m and container [32mstep-credential-initializer-m84dc[0m
{"level":"info","ts":1587816117.8821084,"logger":"fallback-logger","caller":"logging/config.go:69","msg":"Fetch GitHub commit ID from kodata failed: open /var/run/ko/refs/heads/0.8.0-ns-support: no such file or directory"}
{"level":"info","ts":1587816117.882967,"logger":"fallback-logger","caller":"creds-init/main.go:40","msg":"Credentials initialized."}

Showing logs for build [32mcb-kubecd-environment-pr-209-41-x765k-1[0m stage [32mfrom-build-pack[0m and container [32mstep-working-dir-initializer-k2zg6[0m
{"level":"info","ts":1587816118.7322788,"logger":"fallback-logger","caller":"logging/config.go:69","msg":"Fetch GitHub commit ID from kodata failed: open /var/run/ko/HEAD: no such file or directory"}
{"level":"info","ts":1587816118.7342486,"logger":"fallback-logger","caller":"bash/main.go:64","msg":"Successfully executed command \"sh -c mkdir -p /workspace/source\"; output "}

Showing logs for build [32mcb-kubecd-environment-pr-209-41-x765k-1[0m stage [32mfrom-build-pack[0m and container [32mstep-place-tools[0m

Showing logs for build [32mcb-kubecd-environment-pr-209-41-x765k-1[0m stage [32mfrom-build-pack[0m and container [32mstep-git-source-cb-kubecd-environment-pr-209-41-x765k-ckc66[0m
{"level":"info","ts":1587816122.8667238,"logger":"fallback-logger","caller":"logging/config.go:69","msg":"Fetch GitHub commit ID from kodata failed: open /var/run/ko/refs/heads/0.8.0-ns-support: no such file or directory"}
{"level":"info","ts":1587816123.9222236,"logger":"fallback-logger","caller":"git/git.go:103","msg":"Successfully cloned https://github.com/cb-kubecd/environment-pr-209-41-boot-gke-staging.git @ master in path /workspace/source"}

Showing logs for build [32mcb-kubecd-environment-pr-209-41-x765k-1[0m stage [32mfrom-build-pack[0m and container [32mstep-git-merge[0m
Using SHAs from PULL_REFS=master:69f531f46904a733fe699a0ae4b7e77b14b645de,6:1deb363ce2a08afa08c7e2795be5df6d9bcfdea2
DEBUG: LC_ALL=C JX_LOG_LEVEL=error git fetch origin --unshallow 1deb363ce2a08afa08c7e2795be5df6d9bcfdea2: 69f531f46904a733fe699a0ae4b7e77b14b645de:
DEBUG: ran git fetch --unshallow origin 1deb363ce2a08afa08c7e2795be5df6d9bcfdea2: 69f531f46904a733fe699a0ae4b7e77b14b645de: in 
DEBUG: LC_ALL=C JX_LOG_LEVEL=error git branch
DEBUG: LC_ALL=C JX_LOG_LEVEL=error git checkout master
DEBUG: ran git checkout master in 
DEBUG: LC_ALL=C JX_LOG_LEVEL=error git reset --hard 69f531f46904a733fe699a0ae4b7e77b14b645de
DEBUG: ran git reset --hard 69f531f46904a733fe699a0ae4b7e77b14b645de in 
DEBUG: LC_ALL=C JX_LOG_LEVEL=error git clean -fd .
DEBUG: ran clean --force -d . in 
DEBUG: LC_ALL=C JX_LOG_LEVEL=error git merge 1deb363ce2a08afa08c7e2795be5df6d9bcfdea2
DEBUG: ran git merge 1deb363ce2a08afa08c7e2795be5df6d9bcfdea2 in 
DEBUG: JX_LOG_LEVEL=error LC_ALL=C git log --format=%H%x1f%an%x1f%ae%x1f%cn%x1f%ce%x1f%s%n%b%x1e 69f531f46904a733fe699a0ae4b7e77b14b645de..HEAD
Merged SHA 1deb363ce2a08afa08c7e2795be5df6d9bcfdea2 with commit message 'chore: Promote bdd-nh-import-1587815317 to version 0.0.1' into base branch master

Showing logs for build [32mcb-kubecd-environment-pr-209-41-x765k-1[0m stage [32mfrom-build-pack[0m and container [32mstep-build-helm-build[0m
WARNING: No $CHART_REPOSITORY defined so using the default value of: http://jenkins-x-chartmuseum:8080
Adding missing Helm repo: storage.googleapis.com https://storage.googleapis.com/chartmuseum.jenkins-x.io
WARNING: No secrets found on "helm/repos" due: reading the secret "helm/repos" from vault: no secret "helm/repos" not found in vault
Read credentials for https://storage.googleapis.com/chartmuseum.jenkins-x.io from vault helm/repos
Successfully added Helm repository storage.googleapis.com.
Adding missing Helm repo: jenkins-x-chartmuseum http://jenkins-x-chartmuseum:8080
WARNING: No secrets found on "helm/repos" due: reading the secret "helm/repos" from vault: no secret "helm/repos" not found in vault
Read credentials for http://jenkins-x-chartmuseum:8080 from vault helm/repos
Successfully added Helm repository jenkins-x-chartmuseum.
WARNING: No $CHART_REPOSITORY defined so using the default value of: http://jenkins-x-chartmuseum:8080
Adding missing Helm repo: chartmuseum.jenkins-x.io http://chartmuseum.jenkins-x.io
WARNING: No secrets found on "helm/repos" due: reading the secret "helm/repos" from vault: no secret "helm/repos" not found in vault
Read credentials for http://chartmuseum.jenkins-x.io from vault helm/repos
Successfully added Helm repository chartmuseum.jenkins-x.io.
