
Showing logs for build [32mcb-kubecd-environment-pr-209-41-s6krz-1[0m stage [32mfrom-build-pack[0m and container [32mstep-credential-initializer-rcr7q[0m
{"level":"info","ts":1587813881.0724208,"logger":"fallback-logger","caller":"logging/config.go:69","msg":"Fetch GitHub commit ID from kodata failed: open /var/run/ko/refs/heads/0.8.0-ns-support: no such file or directory"}
{"level":"info","ts":1587813881.0729306,"logger":"fallback-logger","caller":"creds-init/main.go:40","msg":"Credentials initialized."}

Showing logs for build [32mcb-kubecd-environment-pr-209-41-s6krz-1[0m stage [32mfrom-build-pack[0m and container [32mstep-working-dir-initializer-qc8b6[0m
{"level":"info","ts":1587813881.9016025,"logger":"fallback-logger","caller":"logging/config.go:69","msg":"Fetch GitHub commit ID from kodata failed: open /var/run/ko/HEAD: no such file or directory"}
{"level":"info","ts":1587813881.9050102,"logger":"fallback-logger","caller":"bash/main.go:64","msg":"Successfully executed command \"sh -c mkdir -p /workspace/source\"; output "}

Showing logs for build [32mcb-kubecd-environment-pr-209-41-s6krz-1[0m stage [32mfrom-build-pack[0m and container [32mstep-place-tools[0m

Showing logs for build [32mcb-kubecd-environment-pr-209-41-s6krz-1[0m stage [32mfrom-build-pack[0m and container [32mstep-git-source-cb-kubecd-environment-pr-209-41-s6krz-78rzg[0m
{"level":"info","ts":1587813888.101521,"logger":"fallback-logger","caller":"logging/config.go:69","msg":"Fetch GitHub commit ID from kodata failed: open /var/run/ko/refs/heads/0.8.0-ns-support: no such file or directory"}
{"level":"info","ts":1587813889.244158,"logger":"fallback-logger","caller":"git/git.go:103","msg":"Successfully cloned https://github.com/cb-kubecd/environment-pr-209-41-boot-gke-staging.git @ master in path /workspace/source"}

Showing logs for build [32mcb-kubecd-environment-pr-209-41-s6krz-1[0m stage [32mfrom-build-pack[0m and container [32mstep-git-merge[0m
Using SHAs from PULL_REFS=master:38c90b8895a984bdad0e11263fab103644c73f8a,3:fb97242417884f37d50a06f1bd8f63638b87da08
DEBUG: LC_ALL=C JX_LOG_LEVEL=error git fetch origin --unshallow fb97242417884f37d50a06f1bd8f63638b87da08: 38c90b8895a984bdad0e11263fab103644c73f8a:
DEBUG: ran git fetch --unshallow origin fb97242417884f37d50a06f1bd8f63638b87da08: 38c90b8895a984bdad0e11263fab103644c73f8a: in 
DEBUG: LC_ALL=C JX_LOG_LEVEL=error git branch
DEBUG: LC_ALL=C JX_LOG_LEVEL=error git checkout master
DEBUG: ran git checkout master in 
DEBUG: LC_ALL=C JX_LOG_LEVEL=error git reset --hard 38c90b8895a984bdad0e11263fab103644c73f8a
DEBUG: ran git reset --hard 38c90b8895a984bdad0e11263fab103644c73f8a in 
DEBUG: LC_ALL=C JX_LOG_LEVEL=error git clean -fd .
DEBUG: ran clean --force -d . in 
DEBUG: LC_ALL=C JX_LOG_LEVEL=error git merge fb97242417884f37d50a06f1bd8f63638b87da08
DEBUG: ran git merge fb97242417884f37d50a06f1bd8f63638b87da08 in 
DEBUG: LC_ALL=C JX_LOG_LEVEL=error git log --format=%H%x1f%an%x1f%ae%x1f%cn%x1f%ce%x1f%s%n%b%x1e 38c90b8895a984bdad0e11263fab103644c73f8a..HEAD
Merged SHA fb97242417884f37d50a06f1bd8f63638b87da08 with commit message 'chore: Promote bdd-gh-1587812963 to version 0.0.1' into base branch master

Showing logs for build [32mcb-kubecd-environment-pr-209-41-s6krz-1[0m stage [32mfrom-build-pack[0m and container [32mstep-build-helm-build[0m
WARNING: No $CHART_REPOSITORY defined so using the default value of: http://jenkins-x-chartmuseum:8080
Adding missing Helm repo: storage.googleapis.com https://storage.googleapis.com/chartmuseum.jenkins-x.io
WARNING: No secrets found on "helm/repos" due: reading the secret "helm/repos" from vault: no secret "helm/repos" not found in vault
Read credentials for https://storage.googleapis.com/chartmuseum.jenkins-x.io from vault helm/repos
Successfully added Helm repository storage.googleapis.com.
Adding missing Helm repo: jenkins-x-chartmuseum http://jenkins-x-chartmuseum:8080
WARNING: No secrets found on "helm/repos" due: reading the secret "helm/repos" from vault: no secret "helm/repos" not found in vault
Read credentials for http://jenkins-x-chartmuseum:8080 from vault helm/repos
Successfully added Helm repository jenkins-x-chartmuseum.
WARNING: No $CHART_REPOSITORY defined so using the default value of: http://jenkins-x-chartmuseum:8080
Adding missing Helm repo: chartmuseum.jenkins-x.io http://chartmuseum.jenkins-x.io
WARNING: No secrets found on "helm/repos" due: reading the secret "helm/repos" from vault: no secret "helm/repos" not found in vault
Read credentials for http://chartmuseum.jenkins-x.io from vault helm/repos
Successfully added Helm repository chartmuseum.jenkins-x.io.
