
Showing logs for build [32mcb-kubecd-environment-pr-209-41-wmdp8-1[0m stage [32mfrom-build-pack[0m and container [32mstep-credential-initializer-jjft7[0m
{"level":"info","ts":1587812169.591251,"logger":"fallback-logger","caller":"logging/config.go:69","msg":"Fetch GitHub commit ID from kodata failed: open /var/run/ko/refs/heads/0.8.0-ns-support: no such file or directory"}
{"level":"info","ts":1587812169.5974922,"logger":"fallback-logger","caller":"creds-init/main.go:40","msg":"Credentials initialized."}

Showing logs for build [32mcb-kubecd-environment-pr-209-41-wmdp8-1[0m stage [32mfrom-build-pack[0m and container [32mstep-working-dir-initializer-p9tbw[0m
{"level":"info","ts":1587812171.700955,"logger":"fallback-logger","caller":"logging/config.go:69","msg":"Fetch GitHub commit ID from kodata failed: open /var/run/ko/HEAD: no such file or directory"}
{"level":"info","ts":1587812171.7027647,"logger":"fallback-logger","caller":"bash/main.go:64","msg":"Successfully executed command \"sh -c mkdir -p /workspace/source\"; output "}

Showing logs for build [32mcb-kubecd-environment-pr-209-41-wmdp8-1[0m stage [32mfrom-build-pack[0m and container [32mstep-place-tools[0m

Showing logs for build [32mcb-kubecd-environment-pr-209-41-wmdp8-1[0m stage [32mfrom-build-pack[0m and container [32mstep-git-source-cb-kubecd-environment-pr-209-41-wmdp8-lxlct[0m
{"level":"info","ts":1587812179.8835578,"logger":"fallback-logger","caller":"logging/config.go:69","msg":"Fetch GitHub commit ID from kodata failed: open /var/run/ko/refs/heads/0.8.0-ns-support: no such file or directory"}
{"level":"info","ts":1587812181.0257008,"logger":"fallback-logger","caller":"git/git.go:103","msg":"Successfully cloned https://github.com/cb-kubecd/environment-pr-209-41-boot-gke-staging.git @ master in path /workspace/source"}

Showing logs for build [32mcb-kubecd-environment-pr-209-41-wmdp8-1[0m stage [32mfrom-build-pack[0m and container [32mstep-git-merge[0m
Using SHAs from PULL_REFS=master:16fd4c93ad9d5f5d4c8b4e50575794485a34140a,1:0678ed0ab3f7eb1fd2717aa1b988f039d1a3a264
DEBUG: LC_ALL=C JX_LOG_LEVEL=error git fetch origin --unshallow 0678ed0ab3f7eb1fd2717aa1b988f039d1a3a264: 16fd4c93ad9d5f5d4c8b4e50575794485a34140a:
DEBUG: ran git fetch --unshallow origin 0678ed0ab3f7eb1fd2717aa1b988f039d1a3a264: 16fd4c93ad9d5f5d4c8b4e50575794485a34140a: in 
DEBUG: LC_ALL=C JX_LOG_LEVEL=error git branch
DEBUG: JX_LOG_LEVEL=error LC_ALL=C git checkout master
DEBUG: ran git checkout master in 
DEBUG: JX_LOG_LEVEL=error LC_ALL=C git reset --hard 16fd4c93ad9d5f5d4c8b4e50575794485a34140a
DEBUG: ran git reset --hard 16fd4c93ad9d5f5d4c8b4e50575794485a34140a in 
DEBUG: LC_ALL=C JX_LOG_LEVEL=error git clean -fd .
DEBUG: ran clean --force -d . in 
DEBUG: LC_ALL=C JX_LOG_LEVEL=error git merge 0678ed0ab3f7eb1fd2717aa1b988f039d1a3a264
DEBUG: ran git merge 0678ed0ab3f7eb1fd2717aa1b988f039d1a3a264 in 
DEBUG: LC_ALL=C JX_LOG_LEVEL=error git log --format=%H%x1f%an%x1f%ae%x1f%cn%x1f%ce%x1f%s%n%b%x1e 16fd4c93ad9d5f5d4c8b4e50575794485a34140a..HEAD
Merged SHA 0678ed0ab3f7eb1fd2717aa1b988f039d1a3a264 with commit message 'chore: Promote bdd-spring-1587811836 to version 0.0.1' into base branch master

Showing logs for build [32mcb-kubecd-environment-pr-209-41-wmdp8-1[0m stage [32mfrom-build-pack[0m and container [32mstep-build-helm-build[0m
WARNING: No $CHART_REPOSITORY defined so using the default value of: http://jenkins-x-chartmuseum:8080
Adding missing Helm repo: storage.googleapis.com https://storage.googleapis.com/chartmuseum.jenkins-x.io
WARNING: No secrets found on "helm/repos" due: reading the secret "helm/repos" from vault: no secret "helm/repos" not found in vault
Read credentials for https://storage.googleapis.com/chartmuseum.jenkins-x.io from vault helm/repos
Successfully added Helm repository storage.googleapis.com.
Adding missing Helm repo: jenkins-x-chartmuseum http://jenkins-x-chartmuseum:8080
WARNING: No secrets found on "helm/repos" due: reading the secret "helm/repos" from vault: no secret "helm/repos" not found in vault
Read credentials for http://jenkins-x-chartmuseum:8080 from vault helm/repos
Successfully added Helm repository jenkins-x-chartmuseum.
WARNING: No $CHART_REPOSITORY defined so using the default value of: http://jenkins-x-chartmuseum:8080
Adding missing Helm repo: chartmuseum.jenkins-x.io http://chartmuseum.jenkins-x.io
WARNING: No secrets found on "helm/repos" due: reading the secret "helm/repos" from vault: no secret "helm/repos" not found in vault
Read credentials for http://chartmuseum.jenkins-x.io from vault helm/repos
Successfully added Helm repository chartmuseum.jenkins-x.io.
